<?xml version="1.0" encoding="UTF-8" ?>
<testsuites disabled="0" errors="0" failures="0" tests="3" time="16.709">
 <testsuite name="Authentication capabilities" timestamp="2018-12-17T16:50:37" hostname="localhost" time="15.808" errors="0" tests="2" skipped="0" disabled="0" failures="0">
  <testcase classname="Authentication capabilities" name="should redirect to the login page if trying to load protected page while not authenticated" time="13.52" />
  <testcase classname="Authentication capabilities" name="should accept a valid id address and password" time="2.287" />
 </testsuite>
 <testsuite name="focused specs" timestamp="2018-12-17T16:50:53" hostname="localhost" time="0.901" errors="0" tests="1" skipped="0" disabled="0" failures="0">
  <testcase classname="focused specs" name="just logout" time="0.891" />
 </testsuite>
</testsuites>